Using pre-set license
Built from '2020.2/release' branch; Version is '2020.2.2f1 (068178b99f32) revision 426360'; Using compiler version '192528614'; Build Type 'Release'
OS: 'Windows 10 Home; OS build 19041.746; Version 2004; 64bit' Language: 'en' Physical Memory: 16222 MB
BatchMode: 1, IsHumanControllingUs: 0, StartBugReporterOnCrash: 0, Is64bit: 1, IsPro: 0

 COMMAND LINE ARGUMENTS:
C:\Program Files\2020.2.2f1\Editor\Unity.exe
-adb2
-batchMode
-noUpm
-name
AssetImportWorker0
-projectPath
C:/Users/samya/Documents/Unity Projects/Assignment 1_Samyak Sah
-logFile
Logs/AssetImportWorker0.log
-srvPort
54846
Successfully changed project path to: C:/Users/samya/Documents/Unity Projects/Assignment 1_Samyak Sah
C:/Users/samya/Documents/Unity Projects/Assignment 1_Samyak Sah
Using Asset Import Pipeline V2.
Refreshing native plugins compatible for Editor in 28.80 ms, found 0 plugins.
Preloading 0 native plugins for Editor in 0.00 ms.
Initialize engine version: 2020.2.2f1 (068178b99f32)
[Subsystems] Discovering subsystems at path C:/Program Files/2020.2.2f1/Editor/Data/Resources/UnitySubsystems
[Subsystems] Discovering subsystems at path C:/Users/samya/Documents/Unity Projects/Assignment 1_Samyak Sah/Assets
GfxDevice: creating device client; threaded=0
Direct3D:
    Version:  Direct3D 11.0 [level 11.1]
    Renderer: NVIDIA GeForce RTX 2070 Super with Max-Q Design (ID=0x1ed1)
    Vendor:   
    VRAM:     8011 MB
    Driver:   27.21.14.5241
Initialize mono
Mono path[0] = 'C:/Program Files/2020.2.2f1/Editor/Data/Managed'
Mono path[1] = 'C:/Program Files/2020.2.2f1/Editor/Data/MonoBleedingEdge/lib/mono/unityjit'
Mono config path = 'C:/Program Files/2020.2.2f1/Editor/Data/MonoBleedingEdge/etc'
Using monoOptions --debugger-agent=transport=dt_socket,embedding=1,server=y,suspend=n,address=127.0.0.1:56820
Begin MonoManager ReloadAssembly
Registering precompiled unity dll's ...
Register platform support module: C:/Program Files/2020.2.2f1/Editor/Data/PlaybackEngines/WindowsStandaloneSupport/UnityEditor.WindowsStandalone.Extensions.dll
Registered in 0.002409 seconds.
Native extension for WindowsStandalone target not found
Refreshing native plugins compatible for Editor in 29.76 ms, found 0 plugins.
Preloading 0 native plugins for Editor in 0.00 ms.
Invoked RoslynAnalysisRunner static constructor.
RoslynAnalysisRunner will not be running.
RoslynAnalysisRunner has terminated.
Mono: successfully reloaded assembly
- Completed reload, in  1.652 seconds
Platform modules already initialized, skipping
Registering precompiled user dll's ...
Registered in 0.000894 seconds.
Begin MonoManager ReloadAssembly
Native extension for WindowsStandalone target not found
Refreshing native plugins compatible for Editor in 30.02 ms, found 0 plugins.
Preloading 0 native plugins for Editor in 0.00 ms.
Invoked RoslynAnalysisRunner static constructor.
RoslynAnalysisRunner will not be running.
RoslynAnalysisRunner has terminated.
Mono: successfully reloaded assembly
- Completed reload, in  0.930 seconds
Platform modules already initialized, skipping
========================================================================
Worker process is ready to serve import requests
Launched and connected shader compiler UnityShaderCompiler.exe after 0.04 seconds
Refreshing native plugins compatible for Editor in 0.46 ms, found 0 plugins.
Preloading 0 native plugins for Editor in 0.00 ms.
Unloading 1304 Unused Serialized files (Serialized files now loaded: 0)
System memory in use before: 102.1 MB.
System memory in use after: 102.0 MB.

Unloading 23 unused Assets to reduce memory usage. Loaded Objects now: 1771.
Total: 2.379900 ms (FindLiveObjects: 0.213600 ms CreateObjectMapping: 0.049700 ms MarkObjects: 1.949600 ms  DeleteObjects: 0.166200 ms)

========================================================================
Received Import Request.
  path: Assets/Flooded_Grounds/Prefabs/Nature/Grass/Grass_Small_B.prefab
  artifactKey: Guid(bf9be07af37802d45ab1d805925ec862) Importer(815301076,1909f56bfc062723c751e8b465ee728b)
Start importing Assets/Flooded_Grounds/Prefabs/Nature/Grass/Grass_Small_B.prefab using Guid(bf9be07af37802d45ab1d805925ec862) Importer(815301076,1909f56bfc062723c751e8b465ee728b)  -> (artifact id: '6eca60e98a7060a62cdf6c1244a0ad12') in 0.036214 seconds
  Import took 0.038204 seconds .

========================================================================
Received Import Request.
  Time since last request: 0.000416 seconds.
  path: Assets/Flooded_Grounds/Prefabs/Nature/Grass/Grass_Small_D.prefab
  artifactKey: Guid(883e84064e0818d46b851b53952056f7) Importer(815301076,1909f56bfc062723c751e8b465ee728b)
Start importing Assets/Flooded_Grounds/Prefabs/Nature/Grass/Grass_Small_D.prefab using Guid(883e84064e0818d46b851b53952056f7) Importer(815301076,1909f56bfc062723c751e8b465ee728b)  -> (artifact id: 'bdaf85a7c6642299058e921d11e9022f') in 0.002900 seconds
  Import took 0.004503 seconds .

========================================================================
Received Import Request.
  Time since last request: 0.000180 seconds.
  path: Assets/Flooded_Grounds/Prefabs/Nature/Grass/Grass_Med_C.prefab
  artifactKey: Guid(de006beaac36de64d9a2c3569ad1be67) Importer(815301076,1909f56bfc062723c751e8b465ee728b)
Start importing Assets/Flooded_Grounds/Prefabs/Nature/Grass/Grass_Med_C.prefab using Guid(de006beaac36de64d9a2c3569ad1be67) Importer(815301076,1909f56bfc062723c751e8b465ee728b)  -> (artifact id: '89bb3c0a07bb39d164726e17b4e56ab6') in 0.003066 seconds
  Import took 0.004711 seconds .

========================================================================
Received Import Request.
  Time since last request: 0.000116 seconds.
  path: Assets/Flooded_Grounds/Prefabs/Nature/Grass/Grass_Tall_B.prefab
  artifactKey: Guid(0afb191bb5d4e8c47b6fddcd5b8c8bea) Importer(815301076,1909f56bfc062723c751e8b465ee728b)
Start importing Assets/Flooded_Grounds/Prefabs/Nature/Grass/Grass_Tall_B.prefab using Guid(0afb191bb5d4e8c47b6fddcd5b8c8bea) Importer(815301076,1909f56bfc062723c751e8b465ee728b)  -> (artifact id: 'a6c84088b06780e3debc799e121efbcd') in 0.002967 seconds
  Import took 0.004627 seconds .

========================================================================
Received Import Request.
  Time since last request: 0.000125 seconds.
  path: Assets/Flooded_Grounds/Prefabs/Nature/Grass/Grass_Tall_C.prefab
  artifactKey: Guid(f3d5432b8ff8c7e4e9aab8ca88060e47) Importer(815301076,1909f56bfc062723c751e8b465ee728b)
Start importing Assets/Flooded_Grounds/Prefabs/Nature/Grass/Grass_Tall_C.prefab using Guid(f3d5432b8ff8c7e4e9aab8ca88060e47) Importer(815301076,1909f56bfc062723c751e8b465ee728b)  -> (artifact id: '7a55d743ba0a32c2abc82beb0c75b12e') in 0.003221 seconds
  Import took 0.005044 seconds .

========================================================================
Received Import Request.
  Time since last request: 0.000131 seconds.
  path: Assets/Flooded_Grounds/Prefabs/Nature/Grass/Grass_Med_B.prefab
  artifactKey: Guid(b01dcbaa1e9203542b7c5f29656d346e) Importer(815301076,1909f56bfc062723c751e8b465ee728b)
Start importing Assets/Flooded_Grounds/Prefabs/Nature/Grass/Grass_Med_B.prefab using Guid(b01dcbaa1e9203542b7c5f29656d346e) Importer(815301076,1909f56bfc062723c751e8b465ee728b)  -> (artifact id: '278e95e7380680ef6898f2e59efc5689') in 0.003034 seconds
  Import took 0.004662 seconds .

========================================================================
Received Import Request.
  Time since last request: 0.000209 seconds.
  path: Assets/Flooded_Grounds/Prefabs/Nature/Grass/Grass_Small_A.prefab
  artifactKey: Guid(eed7118be894efa4fa004434dec6a57c) Importer(815301076,1909f56bfc062723c751e8b465ee728b)
Start importing Assets/Flooded_Grounds/Prefabs/Nature/Grass/Grass_Small_A.prefab using Guid(eed7118be894efa4fa004434dec6a57c) Importer(815301076,1909f56bfc062723c751e8b465ee728b)  -> (artifact id: '39f3a9c954c9c142e8966316d9be893c') in 0.003153 seconds
  Import took 0.004793 seconds .

========================================================================
Received Import Request.
  Time since last request: 0.000172 seconds.
  path: Assets/Flooded_Grounds/Prefabs/Nature/Grass/Grass_Small_C.prefab
  artifactKey: Guid(1d2935b10b358a344ad9cf0a415ea3fb) Importer(815301076,1909f56bfc062723c751e8b465ee728b)
Start importing Assets/Flooded_Grounds/Prefabs/Nature/Grass/Grass_Small_C.prefab using Guid(1d2935b10b358a344ad9cf0a415ea3fb) Importer(815301076,1909f56bfc062723c751e8b465ee728b)  -> (artifact id: '7c697b59bae66ce5d6df483ad663c8ad') in 0.002957 seconds
  Import took 0.004652 seconds .

========================================================================
Received Import Request.
  Time since last request: 0.000210 seconds.
  path: Assets/Flooded_Grounds/Prefabs/Nature/Grass
  artifactKey: Guid(89d41932a81369741acdef05630ebfcd) Importer(815301076,1909f56bfc062723c751e8b465ee728b)
Start importing Assets/Flooded_Grounds/Prefabs/Nature/Grass using Guid(89d41932a81369741acdef05630ebfcd) Importer(815301076,1909f56bfc062723c751e8b465ee728b)  -> (artifact id: '351878c7ab8c5b2d789e1889eef5f73b') in 0.002210 seconds
  Import took 0.004072 seconds .

========================================================================
Received Import Request.
  Time since last request: 0.000147 seconds.
  path: Assets/Flooded_Grounds/Prefabs/Nature/Grass/Grass_Tall_A.prefab
  artifactKey: Guid(303e052397d101d4593b4a0653331030) Importer(815301076,1909f56bfc062723c751e8b465ee728b)
Start importing Assets/Flooded_Grounds/Prefabs/Nature/Grass/Grass_Tall_A.prefab using Guid(303e052397d101d4593b4a0653331030) Importer(815301076,1909f56bfc062723c751e8b465ee728b)  -> (artifact id: '9f4bb8758ebbe4c28d5f5d0167a94875') in 0.003041 seconds
  Import took 0.004735 seconds .

========================================================================
Received Import Request.
  Time since last request: 0.000149 seconds.
  path: Assets/Flooded_Grounds/Prefabs/Nature/Grass/Grass_Med_A.prefab
  artifactKey: Guid(5d46f571dcc2a664381f8adff96066b2) Importer(815301076,1909f56bfc062723c751e8b465ee728b)
Start importing Assets/Flooded_Grounds/Prefabs/Nature/Grass/Grass_Med_A.prefab using Guid(5d46f571dcc2a664381f8adff96066b2) Importer(815301076,1909f56bfc062723c751e8b465ee728b)  -> (artifact id: '671601f7a1c4f03a4a969dd305948098') in 0.003063 seconds
  Import took 0.004860 seconds .

========================================================================
Received Import Request.
  Time since last request: 44.778166 seconds.
  path: Assets/Rocks and Boulders 2/Rocks/Prefabs/Rock1_grup1.prefab
  artifactKey: Guid(54a9cf01843431742a3126013891032d) Importer(815301076,1909f56bfc062723c751e8b465ee728b)
Start importing Assets/Rocks and Boulders 2/Rocks/Prefabs/Rock1_grup1.prefab using Guid(54a9cf01843431742a3126013891032d) Importer(815301076,1909f56bfc062723c751e8b465ee728b)  -> (artifact id: '1ca1e7fc329509277bb365a847c527ab') in 0.332139 seconds
  Import took 0.334463 seconds .

========================================================================
Received Import Request.
  Time since last request: 0.000141 seconds.
  path: Assets/Rocks and Boulders 2/Rocks/Prefabs/Rock5B.prefab
  artifactKey: Guid(977e7278d3486f1489724a6d226b9ca0) Importer(815301076,1909f56bfc062723c751e8b465ee728b)
Start importing Assets/Rocks and Boulders 2/Rocks/Prefabs/Rock5B.prefab using Guid(977e7278d3486f1489724a6d226b9ca0) Importer(815301076,1909f56bfc062723c751e8b465ee728b)  -> (artifact id: 'c716dc54c4b3228736ec007daaa32416') in 0.050459 seconds
  Import took 0.053316 seconds .

========================================================================
Received Import Request.
  Time since last request: 0.000147 seconds.
  path: Assets/Rocks and Boulders 2/Rocks/Prefabs/Rock6B.prefab
  artifactKey: Guid(fb5464049dae54247bf24c0e536cd6b4) Importer(815301076,1909f56bfc062723c751e8b465ee728b)
Start importing Assets/Rocks and Boulders 2/Rocks/Prefabs/Rock6B.prefab using Guid(fb5464049dae54247bf24c0e536cd6b4) Importer(815301076,1909f56bfc062723c751e8b465ee728b)  -> (artifact id: 'fc13b368e198f5492178fc2ff93f6ea8') in 0.043833 seconds
  Import took 0.046188 seconds .

========================================================================
Received Import Request.
  Time since last request: 0.000133 seconds.
  path: Assets/Rocks and Boulders 2/Rocks/Prefabs/Rock6A.prefab
  artifactKey: Guid(ad1f5855a33f0694886cbd301d99cc40) Importer(815301076,1909f56bfc062723c751e8b465ee728b)
Start importing Assets/Rocks and Boulders 2/Rocks/Prefabs/Rock6A.prefab using Guid(ad1f5855a33f0694886cbd301d99cc40) Importer(815301076,1909f56bfc062723c751e8b465ee728b)  -> (artifact id: 'f49110d4c3ed91c244a69eba0680e8c8') in 0.046862 seconds
  Import took 0.049447 seconds .

========================================================================
Received Import Request.
  Time since last request: 0.000133 seconds.
  path: Assets/Rocks and Boulders 2/Rocks/Prefabs/Rock1A.prefab
  artifactKey: Guid(d209be13548e70947bc39053977ce977) Importer(815301076,1909f56bfc062723c751e8b465ee728b)
Start importing Assets/Rocks and Boulders 2/Rocks/Prefabs/Rock1A.prefab using Guid(d209be13548e70947bc39053977ce977) Importer(815301076,1909f56bfc062723c751e8b465ee728b)  -> (artifact id: 'a96e3ab7f7a82e2446aebe2ef25898bb') in 0.047966 seconds
  Import took 0.050339 seconds .

========================================================================
Received Import Request.
  Time since last request: 0.000128 seconds.
  path: Assets/Rocks and Boulders 2/Rocks/Prefabs/Rock4A.prefab
  artifactKey: Guid(5f36b57d675b1444cb2203b7a6cac6cb) Importer(815301076,1909f56bfc062723c751e8b465ee728b)
Start importing Assets/Rocks and Boulders 2/Rocks/Prefabs/Rock4A.prefab using Guid(5f36b57d675b1444cb2203b7a6cac6cb) Importer(815301076,1909f56bfc062723c751e8b465ee728b)  -> (artifact id: '8cc7a2d9c71323631d47335c0b43274a') in 0.033651 seconds
  Import took 0.035877 seconds .

========================================================================
Received Import Request.
  Time since last request: 0.000125 seconds.
  path: Assets/Rocks and Boulders 2/Rocks/Prefabs/Rock1_grup3.prefab
  artifactKey: Guid(f20a15ee7150fd647af421022dde4d44) Importer(815301076,1909f56bfc062723c751e8b465ee728b)
Start importing Assets/Rocks and Boulders 2/Rocks/Prefabs/Rock1_grup3.prefab using Guid(f20a15ee7150fd647af421022dde4d44) Importer(815301076,1909f56bfc062723c751e8b465ee728b)  -> (artifact id: '1695f7af9d7ffc369d1d33b06aba17c4') in 0.018787 seconds
  Import took 0.021249 seconds .

========================================================================
Received Import Request.
  Time since last request: 0.000132 seconds.
  path: Assets/Rocks and Boulders 2/Rocks/Prefabs/Rock1D.prefab
  artifactKey: Guid(5d4cffe5f1249a046b3bc42bbd99dc47) Importer(815301076,1909f56bfc062723c751e8b465ee728b)
Start importing Assets/Rocks and Boulders 2/Rocks/Prefabs/Rock1D.prefab using Guid(5d4cffe5f1249a046b3bc42bbd99dc47) Importer(815301076,1909f56bfc062723c751e8b465ee728b)  -> (artifact id: 'c3c36fff56f8fc82554c16925d702b98') in 0.024550 seconds
  Import took 0.026994 seconds .

========================================================================
Received Import Request.
  Time since last request: 0.000139 seconds.
  path: Assets/Rocks and Boulders 2/Rocks/Prefabs/Rock1LOD_grup5.prefab
  artifactKey: Guid(0c076a1a077b8b04aaa5c16a2af6d4fe) Importer(815301076,1909f56bfc062723c751e8b465ee728b)
Start importing Assets/Rocks and Boulders 2/Rocks/Prefabs/Rock1LOD_grup5.prefab using Guid(0c076a1a077b8b04aaa5c16a2af6d4fe) Importer(815301076,1909f56bfc062723c751e8b465ee728b)  -> (artifact id: 'af0d2a02403fc981cc6dab25469bb94e') in 0.021556 seconds
  Import took 0.023982 seconds .

========================================================================
Received Import Request.
  Time since last request: 0.000194 seconds.
  path: Assets/Rocks and Boulders 2/Rocks/Prefabs/Rock1_grup5.prefab
  artifactKey: Guid(f696a81957e80df439600b80ea8667ec) Importer(815301076,1909f56bfc062723c751e8b465ee728b)
Start importing Assets/Rocks and Boulders 2/Rocks/Prefabs/Rock1_grup5.prefab using Guid(f696a81957e80df439600b80ea8667ec) Importer(815301076,1909f56bfc062723c751e8b465ee728b)  -> (artifact id: 'fe4551b11918db13df3b316acecd0127') in 0.024243 seconds
  Import took 0.026741 seconds .

========================================================================
Received Import Request.
  Time since last request: 0.000232 seconds.
  path: Assets/Rocks and Boulders 2/Rocks/Prefabs/Rock5A.prefab
  artifactKey: Guid(27bfdb9a40efac94b969eaf77cea92d9) Importer(815301076,1909f56bfc062723c751e8b465ee728b)
Start importing Assets/Rocks and Boulders 2/Rocks/Prefabs/Rock5A.prefab using Guid(27bfdb9a40efac94b969eaf77cea92d9) Importer(815301076,1909f56bfc062723c751e8b465ee728b)  -> (artifact id: '38a02f1f604842368eaf7e71ae8c86a1') in 0.025710 seconds
  Import took 0.028046 seconds .

========================================================================
Received Import Request.
  Time since last request: 0.000188 seconds.
  path: Assets/Rocks and Boulders 2/Rocks/Prefabs/Rock1_grup2.prefab
  artifactKey: Guid(272f6ea372a7343499b5aa612014761f) Importer(815301076,1909f56bfc062723c751e8b465ee728b)
Start importing Assets/Rocks and Boulders 2/Rocks/Prefabs/Rock1_grup2.prefab using Guid(272f6ea372a7343499b5aa612014761f) Importer(815301076,1909f56bfc062723c751e8b465ee728b)  -> (artifact id: '0f8550047a65249fd42b79eaec5722e8') in 0.023112 seconds
  Import took 0.025420 seconds .

========================================================================
Received Import Request.
  Time since last request: 0.000130 seconds.
  path: Assets/Rocks and Boulders 2/Rocks/Prefabs/Rock1LOD_grup3.prefab
  artifactKey: Guid(059c81de61f2d4e4cbe522492d0181da) Importer(815301076,1909f56bfc062723c751e8b465ee728b)
Start importing Assets/Rocks and Boulders 2/Rocks/Prefabs/Rock1LOD_grup3.prefab using Guid(059c81de61f2d4e4cbe522492d0181da) Importer(815301076,1909f56bfc062723c751e8b465ee728b)  -> (artifact id: '4401ea864c3da588d7fed25b129ded87') in 0.019106 seconds
  Import took 0.021480 seconds .

========================================================================
Received Import Request.
  Time since last request: 0.000134 seconds.
  path: Assets/Rocks and Boulders 2/Rocks/Prefabs/Rock1LOD_grup1.prefab
  artifactKey: Guid(76075d4f24491b84eb0b4ac914362e3f) Importer(815301076,1909f56bfc062723c751e8b465ee728b)
Start importing Assets/Rocks and Boulders 2/Rocks/Prefabs/Rock1LOD_grup1.prefab using Guid(76075d4f24491b84eb0b4ac914362e3f) Importer(815301076,1909f56bfc062723c751e8b465ee728b)  -> (artifact id: '4c1868f657252d8a70042d2e26fb51ca') in 0.019146 seconds
  Import took 0.021496 seconds .

========================================================================
Received Import Request.
  Time since last request: 0.000134 seconds.
  path: Assets/Rocks and Boulders 2/Rocks/Prefabs/Rock4B.prefab
  artifactKey: Guid(55f94b3dfaaba26458dbf470efc8cfa4) Importer(815301076,1909f56bfc062723c751e8b465ee728b)
Start importing Assets/Rocks and Boulders 2/Rocks/Prefabs/Rock4B.prefab using Guid(55f94b3dfaaba26458dbf470efc8cfa4) Importer(815301076,1909f56bfc062723c751e8b465ee728b)  -> (artifact id: 'e6ed037945a3a358d633977758aa60d8') in 0.020746 seconds
  Import took 0.023049 seconds .

========================================================================
Received Import Request.
  Time since last request: 0.000147 seconds.
  path: Assets/Rocks and Boulders 2/Rocks/Prefabs/Rock1C.prefab
  artifactKey: Guid(1679506d96acb1447aa6870479416bf8) Importer(815301076,1909f56bfc062723c751e8b465ee728b)
Start importing Assets/Rocks and Boulders 2/Rocks/Prefabs/Rock1C.prefab using Guid(1679506d96acb1447aa6870479416bf8) Importer(815301076,1909f56bfc062723c751e8b465ee728b)  -> (artifact id: '1b40aceed6c5f62bd3e41821d6635a78') in 0.017916 seconds
  Import took 0.020367 seconds .

========================================================================
Received Import Request.
  Time since last request: 0.000126 seconds.
  path: Assets/Rocks and Boulders 2/Rocks/Prefabs/Rock6C.prefab
  artifactKey: Guid(d9c3d22cdfbbcfd4f8d8019ff97a0f2e) Importer(815301076,1909f56bfc062723c751e8b465ee728b)
Start importing Assets/Rocks and Boulders 2/Rocks/Prefabs/Rock6C.prefab using Guid(d9c3d22cdfbbcfd4f8d8019ff97a0f2e) Importer(815301076,1909f56bfc062723c751e8b465ee728b)  -> (artifact id: '1aca1af0e206e9da26447e7c7cb06311') in 0.019405 seconds
  Import took 0.021872 seconds .

========================================================================
Received Import Request.
  Time since last request: 0.000136 seconds.
  path: Assets/Rocks and Boulders 2/Rocks/Prefabs/Rock1LOD_grup4.prefab
  artifactKey: Guid(1ee76940f560f654fbbe86776c26942b) Importer(815301076,1909f56bfc062723c751e8b465ee728b)
Start importing Assets/Rocks and Boulders 2/Rocks/Prefabs/Rock1LOD_grup4.prefab using Guid(1ee76940f560f654fbbe86776c26942b) Importer(815301076,1909f56bfc062723c751e8b465ee728b)  -> (artifact id: '3095226eaa904afaeaf7f2cccfff4ca6') in 0.024746 seconds
  Import took 0.027172 seconds .

========================================================================
Received Import Request.
  Time since last request: 0.000146 seconds.
  path: Assets/Rocks and Boulders 2/Rocks/Prefabs/Rock3.prefab
  artifactKey: Guid(f282d9fb9b399dd4384b20aba08642fb) Importer(815301076,1909f56bfc062723c751e8b465ee728b)
Start importing Assets/Rocks and Boulders 2/Rocks/Prefabs/Rock3.prefab using Guid(f282d9fb9b399dd4384b20aba08642fb) Importer(815301076,1909f56bfc062723c751e8b465ee728b)  -> (artifact id: '4c9f72ec1f2a756bb73b0bd0aeb9a99b') in 0.031839 seconds
  Import took 0.034120 seconds .

========================================================================
Received Import Request.
  Time since last request: 0.000147 seconds.
  path: Assets/Rocks and Boulders 2/Rocks/Prefabs/Rock1E.prefab
  artifactKey: Guid(d2db22038a6f9804598cd46453cc7cb8) Importer(815301076,1909f56bfc062723c751e8b465ee728b)
Start importing Assets/Rocks and Boulders 2/Rocks/Prefabs/Rock1E.prefab using Guid(d2db22038a6f9804598cd46453cc7cb8) Importer(815301076,1909f56bfc062723c751e8b465ee728b)  -> (artifact id: '92085b12f7e4932a12fd425caaace0cc') in 0.017480 seconds
  Import took 0.019782 seconds .

========================================================================
Received Import Request.
  Time since last request: 0.000125 seconds.
  path: Assets/Rocks and Boulders 2/Rocks/Prefabs/Rock1B.prefab
  artifactKey: Guid(0f1e1518a80e562458930d8b2d0670d9) Importer(815301076,1909f56bfc062723c751e8b465ee728b)
Start importing Assets/Rocks and Boulders 2/Rocks/Prefabs/Rock1B.prefab using Guid(0f1e1518a80e562458930d8b2d0670d9) Importer(815301076,1909f56bfc062723c751e8b465ee728b)  -> (artifact id: 'de35e233855fb6485d48eb884eac341c') in 0.016996 seconds
  Import took 0.019286 seconds .

========================================================================
Received Import Request.
  Time since last request: 0.000126 seconds.
  path: Assets/Rocks and Boulders 2/Rocks/Prefabs/Rock1LOD_grup2.prefab
  artifactKey: Guid(dceeca3e930a413458913fd2f889e527) Importer(815301076,1909f56bfc062723c751e8b465ee728b)
Start importing Assets/Rocks and Boulders 2/Rocks/Prefabs/Rock1LOD_grup2.prefab using Guid(dceeca3e930a413458913fd2f889e527) Importer(815301076,1909f56bfc062723c751e8b465ee728b)  -> (artifact id: '04e8f37fddb407d2dc31fe1459e4312d') in 0.018811 seconds
  Import took 0.021286 seconds .

========================================================================
Received Import Request.
  Time since last request: 0.000131 seconds.
  path: Assets/Rocks and Boulders 2/Rocks/Prefabs/Rock1_grup4.prefab
  artifactKey: Guid(6b9fd6eae9eb0d546ae14cdaee6d1156) Importer(815301076,1909f56bfc062723c751e8b465ee728b)
Start importing Assets/Rocks and Boulders 2/Rocks/Prefabs/Rock1_grup4.prefab using Guid(6b9fd6eae9eb0d546ae14cdaee6d1156) Importer(815301076,1909f56bfc062723c751e8b465ee728b)  -> (artifact id: 'b6bed71ffbda8bc85a74d0169847648f') in 0.019088 seconds
  Import took 0.021518 seconds .

========================================================================
Received Import Request.
  Time since last request: 0.000150 seconds.
  path: Assets/Rocks and Boulders 2/Rocks/Prefabs/Rock2.prefab
  artifactKey: Guid(940d55d4117386f4f9398ea3ff52d4cd) Importer(815301076,1909f56bfc062723c751e8b465ee728b)
Start importing Assets/Rocks and Boulders 2/Rocks/Prefabs/Rock2.prefab using Guid(940d55d4117386f4f9398ea3ff52d4cd) Importer(815301076,1909f56bfc062723c751e8b465ee728b)  -> (artifact id: '1894298e8324861a5d9461acc57d55eb') in 0.030499 seconds
  Import took 0.032823 seconds .

========================================================================
Received Prepare
Registering precompiled user dll's ...
Registered in 0.000899 seconds.
Begin MonoManager ReloadAssembly
Native extension for WindowsStandalone target not found
Refreshing native plugins compatible for Editor in 0.40 ms, found 0 plugins.
Preloading 0 native plugins for Editor in 0.00 ms.
Invoked RoslynAnalysisRunner static constructor.
RoslynAnalysisRunner will not be running.
RoslynAnalysisRunner has terminated.
Mono: successfully reloaded assembly
- Completed reload, in  0.872 seconds
Platform modules already initialized, skipping
Refreshing native plugins compatible for Editor in 0.24 ms, found 0 plugins.
Preloading 0 native plugins for Editor in 0.00 ms.
Unloading 1253 Unused Serialized files (Serialized files now loaded: 0)
System memory in use before: 102.6 MB.
System memory in use after: 102.6 MB.

Unloading 8 unused Assets to reduce memory usage. Loaded Objects now: 1780.
Total: 1.728200 ms (FindLiveObjects: 0.255500 ms CreateObjectMapping: 0.055700 ms MarkObjects: 1.268200 ms  DeleteObjects: 0.147500 ms)

========================================================================
Received Import Request.
  Time since last request: 630.519461 seconds.
  path: Assets/Flooded_Grounds/Prefabs/Nature/Grass/Grass_Med_A.prefab
  artifactKey: Guid(5d46f571dcc2a664381f8adff96066b2) Importer(815301076,1909f56bfc062723c751e8b465ee728b)
Start importing Assets/Flooded_Grounds/Prefabs/Nature/Grass/Grass_Med_A.prefab using Guid(5d46f571dcc2a664381f8adff96066b2) Importer(815301076,1909f56bfc062723c751e8b465ee728b)  -> (artifact id: '27e0e87976669d0c0fdd75e570535999') in 0.273627 seconds
  Import took 0.276149 seconds .

========================================================================
Received Import Request.
  Time since last request: 0.000142 seconds.
  path: Assets/Flooded_Grounds/Prefabs/Nature/Grass/Grass_Small_B.prefab
  artifactKey: Guid(bf9be07af37802d45ab1d805925ec862) Importer(815301076,1909f56bfc062723c751e8b465ee728b)
Start importing Assets/Flooded_Grounds/Prefabs/Nature/Grass/Grass_Small_B.prefab using Guid(bf9be07af37802d45ab1d805925ec862) Importer(815301076,1909f56bfc062723c751e8b465ee728b)  -> (artifact id: 'd43fc082a0f0fa9bab2d739f3baa6d83') in 0.014649 seconds
  Import took 0.016545 seconds .

========================================================================
Received Import Request.
  Time since last request: 0.000162 seconds.
  path: Assets/Flooded_Grounds/Prefabs/Nature/Grass/Grass_Small_D.prefab
  artifactKey: Guid(883e84064e0818d46b851b53952056f7) Importer(815301076,1909f56bfc062723c751e8b465ee728b)
Start importing Assets/Flooded_Grounds/Prefabs/Nature/Grass/Grass_Small_D.prefab using Guid(883e84064e0818d46b851b53952056f7) Importer(815301076,1909f56bfc062723c751e8b465ee728b)  -> (artifact id: '6f9e565dfdb1d009d092c460824b9387') in 0.045520 seconds
  Import took 0.047478 seconds .

========================================================================
Received Import Request.
  Time since last request: 0.000148 seconds.
  path: Assets/Flooded_Grounds/Prefabs/Nature/Grass/Grass_Med_C.prefab
  artifactKey: Guid(de006beaac36de64d9a2c3569ad1be67) Importer(815301076,1909f56bfc062723c751e8b465ee728b)
Start importing Assets/Flooded_Grounds/Prefabs/Nature/Grass/Grass_Med_C.prefab using Guid(de006beaac36de64d9a2c3569ad1be67) Importer(815301076,1909f56bfc062723c751e8b465ee728b)  -> (artifact id: 'cb903c86edbe4a94eb2730e066f30aa8') in 0.014848 seconds
  Import took 0.016742 seconds .

========================================================================
Received Import Request.
  Time since last request: 0.000196 seconds.
  path: Assets/Flooded_Grounds/Prefabs/Nature/Grass/Grass_Tall_B.prefab
  artifactKey: Guid(0afb191bb5d4e8c47b6fddcd5b8c8bea) Importer(815301076,1909f56bfc062723c751e8b465ee728b)
Start importing Assets/Flooded_Grounds/Prefabs/Nature/Grass/Grass_Tall_B.prefab using Guid(0afb191bb5d4e8c47b6fddcd5b8c8bea) Importer(815301076,1909f56bfc062723c751e8b465ee728b)  -> (artifact id: 'fd5a12e7411bc0a3f92c1514272b6c89') in 0.022168 seconds
  Import took 0.024098 seconds .

========================================================================
Received Import Request.
  Time since last request: 0.000140 seconds.
  path: Assets/Flooded_Grounds/Prefabs/Nature/Grass/Grass_Tall_C.prefab
  artifactKey: Guid(f3d5432b8ff8c7e4e9aab8ca88060e47) Importer(815301076,1909f56bfc062723c751e8b465ee728b)
Start importing Assets/Flooded_Grounds/Prefabs/Nature/Grass/Grass_Tall_C.prefab using Guid(f3d5432b8ff8c7e4e9aab8ca88060e47) Importer(815301076,1909f56bfc062723c751e8b465ee728b)  -> (artifact id: '024643cba663fb18a1eaf6663a3908a3') in 0.039037 seconds
  Import took 0.040931 seconds .

========================================================================
Received Import Request.
  Time since last request: 0.000138 seconds.
  path: Assets/Flooded_Grounds/Prefabs/Nature/Grass/Grass_Med_B.prefab
  artifactKey: Guid(b01dcbaa1e9203542b7c5f29656d346e) Importer(815301076,1909f56bfc062723c751e8b465ee728b)
Start importing Assets/Flooded_Grounds/Prefabs/Nature/Grass/Grass_Med_B.prefab using Guid(b01dcbaa1e9203542b7c5f29656d346e) Importer(815301076,1909f56bfc062723c751e8b465ee728b)  -> (artifact id: 'ed36d4a2ff58c627897bb7f39939f75f') in 0.035035 seconds
  Import took 0.037050 seconds .

========================================================================
Received Import Request.
  Time since last request: 0.000148 seconds.
  path: Assets/Flooded_Grounds/Prefabs/Nature/Grass/Grass_Small_A.prefab
  artifactKey: Guid(eed7118be894efa4fa004434dec6a57c) Importer(815301076,1909f56bfc062723c751e8b465ee728b)
Start importing Assets/Flooded_Grounds/Prefabs/Nature/Grass/Grass_Small_A.prefab using Guid(eed7118be894efa4fa004434dec6a57c) Importer(815301076,1909f56bfc062723c751e8b465ee728b)  -> (artifact id: '8878256be683a7bdfa25e25f44b2fc08') in 0.016782 seconds
  Import took 0.018685 seconds .

========================================================================
Received Import Request.
  Time since last request: 0.000118 seconds.
  path: Assets/Flooded_Grounds/Prefabs/Nature/Grass/Grass_Small_C.prefab
  artifactKey: Guid(1d2935b10b358a344ad9cf0a415ea3fb) Importer(815301076,1909f56bfc062723c751e8b465ee728b)
Start importing Assets/Flooded_Grounds/Prefabs/Nature/Grass/Grass_Small_C.prefab using Guid(1d2935b10b358a344ad9cf0a415ea3fb) Importer(815301076,1909f56bfc062723c751e8b465ee728b)  -> (artifact id: 'd2e4642ae8c7905389507b27c9ed01cf') in 0.025346 seconds
  Import took 0.027296 seconds .

========================================================================
Received Import Request.
  Time since last request: 0.000151 seconds.
  path: Assets/Flooded_Grounds/Prefabs/Nature/Grass/Grass_Tall_A.prefab
  artifactKey: Guid(303e052397d101d4593b4a0653331030) Importer(815301076,1909f56bfc062723c751e8b465ee728b)
Start importing Assets/Flooded_Grounds/Prefabs/Nature/Grass/Grass_Tall_A.prefab using Guid(303e052397d101d4593b4a0653331030) Importer(815301076,1909f56bfc062723c751e8b465ee728b)  -> (artifact id: 'c11c093f1231382b228ab2bc443b9879') in 0.015994 seconds
  Import took 0.018594 seconds .

========================================================================
Received Prepare
Registering precompiled user dll's ...
Registered in 0.000750 seconds.
Begin MonoManager ReloadAssembly
Native extension for WindowsStandalone target not found
Refreshing native plugins compatible for Editor in 0.28 ms, found 0 plugins.
Preloading 0 native plugins for Editor in 0.00 ms.
Invoked RoslynAnalysisRunner static constructor.
RoslynAnalysisRunner will not be running.
RoslynAnalysisRunner has terminated.
Mono: successfully reloaded assembly
- Completed reload, in  0.858 seconds
Platform modules already initialized, skipping
Refreshing native plugins compatible for Editor in 0.28 ms, found 0 plugins.
Preloading 0 native plugins for Editor in 0.00 ms.
Unloading 1253 Unused Serialized files (Serialized files now loaded: 0)
System memory in use before: 102.7 MB.
System memory in use after: 102.6 MB.

Unloading 8 unused Assets to reduce memory usage. Loaded Objects now: 1783.
Total: 1.501500 ms (FindLiveObjects: 0.172200 ms CreateObjectMapping: 0.046700 ms MarkObjects: 1.129800 ms  DeleteObjects: 0.151900 ms)

========================================================================
Received Prepare
Registering precompiled user dll's ...
Registered in 0.001428 seconds.
Begin MonoManager ReloadAssembly
Native extension for WindowsStandalone target not found
Refreshing native plugins compatible for Editor in 0.40 ms, found 0 plugins.
Preloading 0 native plugins for Editor in 0.00 ms.
Warning: Annotation not found!
UnityEngine.StackTraceUtility:ExtractStackTrace ()
UnityEditor.ProBuilder.EditorUtility:SetGizmoIconEnabled (System.Type,bool) (at Library/PackageCache/com.unity.probuilder@4.4.0/Editor/EditorCore/EditorUtility.cs:593)
UnityEditor.ProBuilder.HierarchyListener:.cctor () (at Library/PackageCache/com.unity.probuilder@4.4.0/Editor/EditorCore/HierarchyListener.cs:21)
System.Runtime.CompilerServices.RuntimeHelpers:RunClassConstructor (System.RuntimeTypeHandle)
UnityEditor.EditorAssemblies:ProcessInitializeOnLoadAttributes (System.Type[])

[Library/PackageCache/com.unity.probuilder@4.4.0/Editor/EditorCore/EditorUtility.cs line 593]

Invoked RoslynAnalysisRunner static constructor.
RoslynAnalysisRunner will not be running.
RoslynAnalysisRunner has terminated.
Mono: successfully reloaded assembly
- Completed reload, in  0.912 seconds
Platform modules already initialized, skipping
Refreshing native plugins compatible for Editor in 0.29 ms, found 0 plugins.
Preloading 0 native plugins for Editor in 0.00 ms.
Unloading 1613 Unused Serialized files (Serialized files now loaded: 0)
System memory in use before: 116.4 MB.
System memory in use after: 114.5 MB.

Unloading 31 unused Assets to reduce memory usage. Loaded Objects now: 2123.
Total: 3.171200 ms (FindLiveObjects: 0.248400 ms CreateObjectMapping: 0.066300 ms MarkObjects: 1.522100 ms  DeleteObjects: 1.333100 ms)

========================================================================
Received Prepare
Registering precompiled user dll's ...
Registered in 0.000813 seconds.
Begin MonoManager ReloadAssembly
Native extension for WindowsStandalone target not found
Refreshing native plugins compatible for Editor in 0.30 ms, found 0 plugins.
Preloading 0 native plugins for Editor in 0.00 ms.
Warning: Annotation not found!
UnityEngine.StackTraceUtility:ExtractStackTrace ()
UnityEditor.ProBuilder.EditorUtility:SetGizmoIconEnabled (System.Type,bool) (at Library/PackageCache/com.unity.probuilder@4.4.0/Editor/EditorCore/EditorUtility.cs:593)
UnityEditor.ProBuilder.HierarchyListener:.cctor () (at Library/PackageCache/com.unity.probuilder@4.4.0/Editor/EditorCore/HierarchyListener.cs:21)
System.Runtime.CompilerServices.RuntimeHelpers:RunClassConstructor (System.RuntimeTypeHandle)
UnityEditor.EditorAssemblies:ProcessInitializeOnLoadAttributes (System.Type[])

[Library/PackageCache/com.unity.probuilder@4.4.0/Editor/EditorCore/EditorUtility.cs line 593]

Invoked RoslynAnalysisRunner static constructor.
RoslynAnalysisRunner will not be running.
RoslynAnalysisRunner has terminated.
Mono: successfully reloaded assembly
- Completed reload, in  0.863 seconds
Platform modules already initialized, skipping
Refreshing native plugins compatible for Editor in 0.31 ms, found 0 plugins.
Preloading 0 native plugins for Editor in 0.00 ms.
Unloading 1643 Unused Serialized files (Serialized files now loaded: 0)
System memory in use before: 117.3 MB.
System memory in use after: 115.3 MB.

Unloading 32 unused Assets to reduce memory usage. Loaded Objects now: 2154.
Total: 3.816800 ms (FindLiveObjects: 0.422700 ms CreateObjectMapping: 0.217200 ms MarkObjects: 1.889000 ms  DeleteObjects: 1.285900 ms)

========================================================================
Received Prepare
Registering precompiled user dll's ...
Registered in 0.008991 seconds.
Begin MonoManager ReloadAssembly
Native extension for WindowsStandalone target not found
Refreshing native plugins compatible for Editor in 0.39 ms, found 2 plugins.
Preloading 0 native plugins for Editor in 0.00 ms.
Warning: Annotation not found!
UnityEngine.StackTraceUtility:ExtractStackTrace ()
UnityEditor.ProBuilder.EditorUtility:SetGizmoIconEnabled (System.Type,bool) (at Library/PackageCache/com.unity.probuilder@4.4.0/Editor/EditorCore/EditorUtility.cs:593)
UnityEditor.ProBuilder.HierarchyListener:.cctor () (at Library/PackageCache/com.unity.probuilder@4.4.0/Editor/EditorCore/HierarchyListener.cs:21)
System.Runtime.CompilerServices.RuntimeHelpers:RunClassConstructor (System.RuntimeTypeHandle)
UnityEditor.EditorAssemblies:ProcessInitializeOnLoadAttributes (System.Type[])

[Library/PackageCache/com.unity.probuilder@4.4.0/Editor/EditorCore/EditorUtility.cs line 593]

Invoked RoslynAnalysisRunner static constructor.
RoslynAnalysisRunner will not be running.
RoslynAnalysisRunner has terminated.
Mono: successfully reloaded assembly
- Completed reload, in  0.973 seconds
Platform modules already initialized, skipping
Refreshing native plugins compatible for Editor in 0.42 ms, found 2 plugins.
Preloading 0 native plugins for Editor in 0.00 ms.
Unloading 1662 Unused Serialized files (Serialized files now loaded: 0)
System memory in use before: 117.8 MB.
System memory in use after: 115.9 MB.

Unloading 49 unused Assets to reduce memory usage. Loaded Objects now: 2200.
Total: 3.872400 ms (FindLiveObjects: 0.249400 ms CreateObjectMapping: 0.097900 ms MarkObjects: 1.711800 ms  DeleteObjects: 1.810400 ms)

========================================================================
Received Prepare
Registering precompiled user dll's ...
Registered in 0.006688 seconds.
Begin MonoManager ReloadAssembly
Native extension for WindowsStandalone target not found
Refreshing native plugins compatible for Editor in 0.41 ms, found 2 plugins.
Preloading 0 native plugins for Editor in 0.00 ms.
Warning: Annotation not found!
UnityEngine.StackTraceUtility:ExtractStackTrace ()
UnityEditor.ProBuilder.EditorUtility:SetGizmoIconEnabled (System.Type,bool) (at Library/PackageCache/com.unity.probuilder@4.4.0/Editor/EditorCore/EditorUtility.cs:593)
UnityEditor.ProBuilder.HierarchyListener:.cctor () (at Library/PackageCache/com.unity.probuilder@4.4.0/Editor/EditorCore/HierarchyListener.cs:21)
System.Runtime.CompilerServices.RuntimeHelpers:RunClassConstructor (System.RuntimeTypeHandle)
UnityEditor.EditorAssemblies:ProcessInitializeOnLoadAttributes (System.Type[])

[Library/PackageCache/com.unity.probuilder@4.4.0/Editor/EditorCore/EditorUtility.cs line 593]

Invoked RoslynAnalysisRunner static constructor.
RoslynAnalysisRunner will not be running.
RoslynAnalysisRunner has terminated.
Mono: successfully reloaded assembly
- Completed reload, in  1.006 seconds
Platform modules already initialized, skipping
Refreshing native plugins compatible for Editor in 0.41 ms, found 2 plugins.
Preloading 0 native plugins for Editor in 0.00 ms.
Unloading 1662 Unused Serialized files (Serialized files now loaded: 0)
System memory in use before: 117.9 MB.
System memory in use after: 116.0 MB.

Unloading 49 unused Assets to reduce memory usage. Loaded Objects now: 2202.
Total: 4.142300 ms (FindLiveObjects: 0.255100 ms CreateObjectMapping: 0.093600 ms MarkObjects: 1.976800 ms  DeleteObjects: 1.814800 ms)

AssetImportWorkerClient::OnTransportError - code=2 error=End of file
